2024/03/08 12:17:04 server init
2024/03/08 12:17:09 server init
2024/03/08 12:17:09 listen tcp :9999: bind: address already in use
2024/03/08 12:17:15 connection accepted from [::1]:60337
2024/03/08 18:42:30 server init
2024/03/08 18:42:52 server init
2024/03/08 18:42:55 server init
2024/03/08 18:43:35 dial tcp [::1]:9999: connect: connection refused
2024/03/08 18:43:41 server init
2024/03/08 18:44:40 server init
2024/03/08 18:45:51 server init
2024/03/08 18:46:01 connection accepted from [::1]:56621
2024/03/08 18:46:07 EOF
2024/03/08 18:46:41 connection accepted from [::1]:56640
2024/03/08 18:46:45 server init
2024/03/08 18:46:48 connection accepted from [::1]:56646
2024/03/08 18:48:07 server init
2024/03/08 18:48:10 connection accepted from [::1]:56658
2024/03/09 12:26:55 server init
2024/03/09 12:27:02 connection accepted from [::1]:58438
2024/03/09 12:27:08 read tcp [::1]:9999->[::1]:58438: read: connection reset by peer
2024/03/09 12:31:06 server init
2024/03/09 12:31:06 listen tcp :9999: bind: address already in use
2024/03/09 12:31:16 server init
2024/03/09 12:31:41 connection accepted from [::1]:58480
2024/03/09 12:35:54 server init
2024/03/09 12:35:57 connection accepted from [::1]:58512
